Base path: C:/Program Files/Unity/Editor/Data
Pipe name: \\.\pipe\UnityShaderCompiler-64bit-4-1896
Cmd: getPlatforms
Cmd: compileSnippet
  api=0 type=0 insize=6731 outsize=3197 kw=DIRECTIONAL LIGHTMAP_OFF DIRLIGHTMAP_OFF DYNAMICLIGHTMAP_OFF VERTEXLIGHT_ON ok=1
Cmd: compileSnippet
  api=4 type=0 insize=6731 outsize=5418 kw=DIRECTIONAL LIGHTMAP_OFF DIRLIGHTMAP_OFF DYNAMICLIGHTMAP_OFF FOG_EXP2 VERTEXLIGHT_ON ok=1
Cmd: compileSnippet
  api=4 type=1 insize=6731 outsize=1298 kw=DIRECTIONAL LIGHTMAP_OFF DIRLIGHTMAP_OFF DYNAMICLIGHTMAP_OFF ok=1
Cmd: compileSnippet
  api=1 type=0 insize=3569 outsize=339 kw=POINT ok=1
Cmd: compileSnippet
  api=0 type=0 insize=3569 outsize=1428 kw=DIRECTIONAL ok=1
Cmd: compileSnippet
  api=4 type=0 insize=3569 outsize=2737 kw=POINT_COOKIE ok=1
Cmd: compileSnippet
  api=0 type=0 insize=3569 outsize=1659 kw=DIRECTIONAL_COOKIE ok=1
Cmd: compileSnippet
  api=4 type=0 insize=3569 outsize=3053 kw=DIRECTIONAL FOG_EXP2 ok=1
Cmd: compileSnippet
  api=0 type=0 insize=3569 outsize=2257 kw=SPOT FOG_EXP2 ok=1
Cmd: compileSnippet
  api=8 type=0 insize=3569 outsize=4307 kw=DIRECTIONAL_COOKIE FOG_EXP2 ok=1
Cmd: compileSnippet
  api=8 type=1 insize=3569 outsize=2836 kw=POINT ok=1
Cmd: compileSnippet
  api=8 type=1 insize=3569 outsize=3535 kw=SPOT ok=1
Cmd: compileSnippet
  api=8 type=1 insize=3569 outsize=2470 kw=DIRECTIONAL_COOKIE ok=1
Cmd: compileSnippet
  api=4 type=1 insize=3569 outsize=1323 kw=DIRECTIONAL FOG_EXP2 ok=1
Cmd: compileSnippet
  api=8 type=1 insize=3569 outsize=3762 kw=SPOT FOG_EXP2 ok=1
Unhandled exception: Readfile from pipe failed. GLE=The pipe has been ended.


Quitting shader compiler process

Crashed!
